0 info it worked if it ends with ok
1 verbose cli [ 'C:\\Program Files\\nodejs\\node.exe',
1 verbose cli   'C:\\Program Files\\nodejs\\node_modules\\npm\\bin\\npm-cli.js',
1 verbose cli   'start' ]
2 info using npm@3.10.10
3 info using node@v6.11.2
4 verbose run-script [ 'prestart', 'start', 'poststart' ]
5 info lifecycle Sorteos@~prestart: Sorteos@
6 silly lifecycle Sorteos@~prestart: no script for prestart, continuing
7 info lifecycle Sorteos@~start: Sorteos@
8 verbose lifecycle Sorteos@~start: unsafe-perm in lifecycle true
9 verbose lifecycle Sorteos@~start: PATH: C:\Program Files\nodejs\node_modules\npm\bin\node-gyp-bin;C:\Users\veneg\git\Toss-App\node_modules\.bin;C:\Program Files (x86)\Python36-32\Scripts\;C:\Program Files (x86)\Python36-32\;C:\Python27\;C:\Python27\Scripts;C:\ProgramData\Oracle\Java\javapath;C:\Program Files (x86)\Intel\iCLS Client\;C:\Program Files\Intel\iCLS Client\;C:\WINDOWS\system32;C:\WINDOWS;C:\WINDOWS\System32\Wbem;C:\WINDOWS\System32\WindowsPowerShell\v1.0\;C:\Program Files (x86)\Intel\Intel(R) Management Engine Components\DAL;C:\Program Files\Intel\Intel(R) Management Engine Components\DAL;C:\Program Files (x86)\Intel\Intel(R) Management Engine Components\IPT;C:\Program Files\Intel\Intel(R) Management Engine Components\IPT;C:\Program Files\nodejs\;C:\PostgreSQL\pg95\bin;C:\Program Files (x86)\Yarn\bin\;C:\Program Files\Git\bin\;C:\ProgramData\chocolatey\bin;C:\Users\veneg\AppData\Local\Microsoft\WindowsApps;C:\Users\veneg\AppData\Roaming\npm;C:\Program Files (x86)\Nmap;C:\Users\veneg\AppData\Local\Yarn\bin;C:\Program Files\Heroku\bin;C:\Users\veneg\AppData\Local\.meteor;
10 verbose lifecycle Sorteos@~start: CWD: C:\Users\veneg\git\Toss-App
11 silly lifecycle Sorteos@~start: Args: [ '/d /s /c', 'meteor run' ]
12 silly lifecycle Sorteos@~start: Returned: code: 254  signal: null
13 info lifecycle Sorteos@~start: Failed to exec start script
14 verbose stack Error: Sorteos@ start: `meteor run`
14 verbose stack Exit status 254
14 verbose stack     at EventEmitter.<anonymous> (C:\Program Files\nodejs\node_modules\npm\lib\utils\lifecycle.js:255:16)
14 verbose stack     at emitTwo (events.js:106:13)
14 verbose stack     at EventEmitter.emit (events.js:191:7)
14 verbose stack     at ChildProcess.<anonymous> (C:\Program Files\nodejs\node_modules\npm\lib\utils\spawn.js:40:14)
14 verbose stack     at emitTwo (events.js:106:13)
14 verbose stack     at ChildProcess.emit (events.js:191:7)
14 verbose stack     at maybeClose (internal/child_process.js:891:16)
14 verbose stack     at Process.ChildProcess._handle.onexit (internal/child_process.js:226:5)
15 verbose pkgid Sorteos@
16 verbose cwd C:\Users\veneg\git\Toss-App\imports\ui
17 error Windows_NT 10.0.16299
18 error argv "C:\\Program Files\\nodejs\\node.exe" "C:\\Program Files\\nodejs\\node_modules\\npm\\bin\\npm-cli.js" "start"
19 error node v6.11.2
20 error npm  v3.10.10
21 error code ELIFECYCLE
22 error Sorteos@ start: `meteor run`
22 error Exit status 254
23 error Failed at the Sorteos@ start script 'meteor run'.
23 error Make sure you have the latest version of node.js and npm installed.
23 error If you do, this is most likely a problem with the Sorteos package,
23 error not with npm itself.
23 error Tell the author that this fails on your system:
23 error     meteor run
23 error You can get information on how to open an issue for this project with:
23 error     npm bugs Sorteos
23 error Or if that isn't available, you can get their info via:
23 error     npm owner ls Sorteos
23 error There is likely additional logging output above.
24 verbose exit [ 1, true ]
